<?xml version="1.0" encoding="UTF-8"?>
<!-- Generated by org.testng.reporters.JUnitReportReporter -->
<testsuite hostname="DESKTOP-8V9LRSE" failures="0" tests="1" name="Testcases.LoginTestAssert" time="1.897" errors="0" timestamp="2022-08-29T10:13:51 BST" skipped="0">
  <testcase classname="Testcases.LoginTestAssert" name="loginTest" time="1.897"/>
  <system-out/>
</testsuite> <!-- Testcases.LoginTestAssert -->
