<?xml version="1.0" encoding="UTF-8"?>
<!-- Generated by org.testng.reporters.JUnitReportReporter -->
<testsuite hostname="DESKTOP-8V9LRSE" failures="0" tests="2" name="Testcases.testNewCustomer" time="25.790" errors="0" timestamp="2022-08-29T10:13:51 BST" skipped="0">
  <testcase classname="Testcases.testNewCustomer" name="newcustomer" time="17.254"/>
  <system-out/>
  <testcase classname="Testcases.testNewCustomer" name="NewCustomerFields" time="8.536"/>
  <system-out/>
</testsuite> <!-- Testcases.testNewCustomer -->
